
ROM used: 245 (3%)
          2048 (26%) including unused fragments

          1 Average locations per line
          11 Average locations per statement

RAM used: 34 (21%) at main() level
          35 (22%) worst case

Lines Stmts  %   Files
----- ----- ---  -----
  126    22 100  I:\Classe_2SE\denysmatthieu\électronique\TP_TV_2\RC5 I2C\I2C_maître.C
  259     0   0  C:\Program Files\PICC\devices\16F877.h
----- -----
  770    44 Total

Page ROM  %  RAM  Functions:
---- --- --- ---  ----------
0     19   8   1  @delay_ms1
0      5   2   0  ext_isr
0     16   7   1  @I2C_WRITEU_1_59_60
0     36  15   1  @PUTCHAR_1_
0     27  11   0  initelcd
0     91  37   0  main

 Segment   Used  Free
---------  ----  ----
00000-00003     4  0
00004-00032    47  0
00033-007FF   194  1803
00800-00FFF     0  2048
01000-017FF     0  2048
01800-01ED5     0  1750

