
ROM used: 280 (4%)
          2048 (26%) including unused fragments

          1 Average locations per line
          6 Average locations per statement

RAM used: 24 (15%) at main() level
          25 (16%) worst case

Lines Stmts  %   Files
----- ----- ---  -----
   84    50 100  I:\Classe_2SE\denysmatthieu\électronique\TP_TV_2\RC5 émission\RC5.c
  281     0   0  C:\Program Files\PICC\devices\16F877A.h
----- -----
  730   100 Total

Page ROM  %  RAM  Functions:
---- --- --- ---  ----------
0     19   7   1  @delay_ms1
0     11   4   1  @delay_us1
0      8   3   0  tmer0_int
0     60  21   1  main
0     62  22   1  init
0     69  25   1  trans

 Segment   Used  Free
---------  ----  ----
00000-00003     4  0
00004-00032    47  0
00033-007FF   229  1768
00800-00FFF     0  2048
01000-017FF     0  2048
01800-01ED5     0  1750

