
ROM used: 370 (5%)
          2048 (26%) including unused fragments

          1 Average locations per line
          5 Average locations per statement

RAM used: 25 (16%) at main() level
          27 (17%) worst case

Lines Stmts  %   Files
----- ----- ---  -----
  116    75 100  I:\Classe_2SE\denysmatthieu\électronique\TP_TV_2\RC5 émission\RC5_2.c
  281     0   0  C:\Program Files\PICC\devices\16F877A.h
----- -----
  794   150 Total

Page ROM  %  RAM  Functions:
---- --- --- ---  ----------
0     19   5   1  @delay_ms1
0     11   3   1  @delay_us1
0      8   2   0  tmer0_int
0    127  34   1  main
0     23   6   3  @DIV88
0     62  17   1  init
0     69  19   1  trans

 Segment   Used  Free
---------  ----  ----
00000-00003     4  0
00004-00032    47  0
00033-007FF   319  1678
00800-00FFF     0  2048
01000-017FF     0  2048
01800-01ED5     0  1750

